<?xml version="1.0" encoding="UTF-8"?>
<!-- Generated by org.testng.reporters.JUnitXMLReporter -->
<testsuite hostname="user-PC" ignored="3" name="Test" tests="1" failures="0" timestamp="18 Dec 2018 03:37:34 GMT" time="0.121" errors="0">
  <testcase name="script4" time="0.022" classname="TestNG.Script3"/>
  <testcase name="script2" time="0.0" classname="TestNG.Script3">
    <ignored/>
  </testcase> <!-- script2 -->
  <testcase name="script1" time="0.0" classname="TestNG.Script3">
    <ignored/>
  </testcase> <!-- script1 -->
  <testcase name="script3" time="0.0" classname="TestNG.Script3">
    <ignored/>
  </testcase> <!-- script3 -->
</testsuite> <!-- Test -->
