<?xml version="1.0" encoding="UTF-8"?>
<!-- Generated by org.testng.reporters.JUnitXMLReporter -->
<testsuite hostname="user-PC" ignored="0" name="Default test" tests="5" failures="0" timestamp="19 Dec 2018 00:52:32 GMT" time="0.186" errors="0">
  <testcase name="script1" time="0.022" classname="TestNG.Script3"/>
  <testcase name="script2" time="0.008" classname="TestNG.Script3"/>
  <testcase name="script3" time="0.007" classname="TestNG.Script3"/>
  <testcase name="script5" time="0.006" classname="TestNG.Script3"/>
  <testcase name="script4" time="0.001" classname="TestNG.Script3"/>
</testsuite> <!-- Default test -->
