<?xml version="1.0" encoding="UTF-8"?>
<testng-results skipped="0" failed="0" ignored="0" total="5" passed="5">
  <reporter-output>
    <line>
      <![CDATA[Script1]]>
    </line>
    <line>
      <![CDATA[Script2]]>
    </line>
    <line>
      <![CDATA[Script3]]>
    </line>
    <line>
      <![CDATA[Script5]]>
    </line>
    <line>
      <![CDATA[Script4]]>
    </line>
  </reporter-output>
  <suite name="Default suite" duration-ms="186" started-at="2018-12-19T00:52:32Z" finished-at="2018-12-19T00:52:32Z">
    <groups>
      <group name="functional">
        <method signature="Script3.script1()[pri:0, instance:TestNG.Script3@458c1321]" name="script1" class="TestNG.Script3"/>
        <method signature="Script3.script2()[pri:0, instance:TestNG.Script3@458c1321]" name="script2" class="TestNG.Script3"/>
      </group> <!-- functional -->
      <group name="smoke">
        <method signature="Script3.script1()[pri:0, instance:TestNG.Script3@458c1321]" name="script1" class="TestNG.Script3"/>
        <method signature="Script3.script2()[pri:0, instance:TestNG.Script3@458c1321]" name="script2" class="TestNG.Script3"/>
        <method signature="Script3.script3()[pri:0, instance:TestNG.Script3@458c1321]" name="script3" class="TestNG.Script3"/>
        <method signature="Script3.script5()[pri:0, instance:TestNG.Script3@458c1321]" name="script5" class="TestNG.Script3"/>
      </group> <!-- smoke -->
    </groups>
    <test name="Default test" duration-ms="186" started-at="2018-12-19T00:52:32Z" finished-at="2018-12-19T00:52:32Z">
      <class name="TestNG.Script3">
        <test-method status="PASS" signature="script1()[pri:0, instance:TestNG.Script3@458c1321]" name="script1" duration-ms="22" started-at="2018-12-19T06:22:32Z" finished-at="2018-12-19T06:22:32Z">
          <reporter-output>
            <line>
              <![CDATA[Script1]]>
            </line>
          </reporter-output>
        </test-method> <!-- script1 -->
        <test-method status="PASS" signature="script2()[pri:0, instance:TestNG.Script3@458c1321]" name="script2" duration-ms="8" started-at="2018-12-19T06:22:32Z" finished-at="2018-12-19T06:22:32Z">
          <reporter-output>
            <line>
              <![CDATA[Script2]]>
            </line>
          </reporter-output>
        </test-method> <!-- script2 -->
        <test-method status="PASS" signature="script3()[pri:0, instance:TestNG.Script3@458c1321]" name="script3" duration-ms="7" started-at="2018-12-19T06:22:32Z" finished-at="2018-12-19T06:22:32Z">
          <reporter-output>
            <line>
              <![CDATA[Script3]]>
            </line>
          </reporter-output>
        </test-method> <!-- script3 -->
        <test-method status="PASS" signature="script5()[pri:0, instance:TestNG.Script3@458c1321]" name="script5" duration-ms="6" started-at="2018-12-19T06:22:32Z" finished-at="2018-12-19T06:22:32Z">
          <reporter-output>
            <line>
              <![CDATA[Script5]]>
            </line>
          </reporter-output>
        </test-method> <!-- script5 -->
        <test-method status="PASS" signature="script4()[pri:0, instance:TestNG.Script3@458c1321]" name="script4" duration-ms="1" depends-on-groups="smoke" started-at="2018-12-19T06:22:32Z" finished-at="2018-12-19T06:22:32Z">
          <reporter-output>
            <line>
              <![CDATA[Script4]]>
            </line>
          </reporter-output>
        </test-method> <!-- script4 -->
      </class> <!-- TestNG.Script3 -->
    </test> <!-- Default test -->
  </suite> <!-- Default suite -->
</testng-results>
